2018-01-02 06:53:17 Main [INFO] Mastermind game chosen.

2018-01-02 06:53:17 Game [INFO] Game built. 30 try.
2018-01-02 06:53:19 Main [INFO] Defender mode chosen.
2018-01-02 06:53:32 Main [INFO] Plus or Minus game chosen.

2018-01-02 06:53:32 Game [INFO] Game built. 30 try.
2018-01-02 06:53:34 Main [INFO] Defender mode chosen.
2018-01-02 06:53:39 Game [ERROR] 
Incorrect input ! Try again :

2018-01-02 06:54:18 Main [INFO] Plus or Minus game chosen.

2018-01-02 06:54:18 Game [INFO] Game built. 30 try.
2018-01-02 06:54:20 Main [INFO] Challenger mode chosen. 
2018-01-02 06:54:23 Game [ERROR] 
Incorrect input ! Try again :

2018-01-02 06:55:03 Main [INFO] Mastermind game chosen.

2018-01-02 06:55:03 Game [INFO] Game built. 30 try.
2018-01-02 06:55:04 Main [INFO] Challenger mode chosen. 
2018-01-02 06:55:07 Game [ERROR] 
Incorrect input ! Try again :

2018-01-02 06:55:16 Game [ERROR] The user's combination doesn't respect the combination size (4)
2018-01-02 06:55:16 Game [ERROR] 
Incorrect input ! Try again :

2018-01-02 06:57:43 Main [INFO] Mastermind game chosen.

2018-01-02 06:57:43 Game [INFO] Game built. 30 try.
2018-01-02 06:57:44 Main [INFO] Duel mode chosen.
2018-01-02 07:02:20 Main [INFO] Mastermind game chosen.

2018-01-02 07:02:20 Game [INFO] Game built. 30 try.
2018-01-02 07:02:21 Main [INFO] Duel mode chosen.
2018-01-02 07:03:03 Game [ERROR] 
Incorrect input ! Try again :

2018-01-02 07:03:38 Main [INFO] Mastermind game chosen.

2018-01-02 07:03:38 Game [INFO] Game built. 30 try.
2018-01-02 07:03:40 Main [INFO] Defender mode chosen.
2018-01-02 07:04:09 Main [INFO] Mastermind game chosen.

2018-01-02 07:04:09 Game [INFO] Game built. 5 try.
2018-01-02 07:04:11 Main [INFO] Defender mode chosen.
2018-01-02 07:06:18 Main [INFO] Mastermind game chosen.

2018-01-02 07:06:18 Game [INFO] Game built. 5 try.
2018-01-02 07:06:23 Main [INFO] Defender mode chosen.
2018-01-02 07:10:32 Main [INFO] Mastermind game chosen.

2018-01-02 07:10:32 Game [INFO] Game built. 5 try.
2018-01-02 07:10:34 Main [INFO] Defender mode chosen.
2018-01-02 07:10:43 Main [INFO] Mastermind game chosen.

2018-01-02 07:10:43 Game [INFO] Game built. 5 try.
2018-01-02 07:10:45 Main [INFO] Defender mode chosen.
2018-01-02 07:12:17 Main [INFO] Mastermind game chosen.

2018-01-02 07:12:17 Game [INFO] Game built. 5 try.
2018-01-02 07:12:19 Main [INFO] Duel mode chosen.
2018-01-02 07:13:38 Main [INFO] Plus or Minus game chosen.

2018-01-02 07:13:38 Game [INFO] Game built. 5 try.
2018-01-02 07:13:41 Main [INFO] Duel mode chosen.
2018-01-02 07:14:26 Main [INFO] Plus or Minus game chosen.

2018-01-02 07:14:26 Game [INFO] Game built. 3 try.
2018-01-02 07:14:29 Main [INFO] Duel mode chosen.
2018-01-02 07:15:06 Main [INFO] Mastermind game chosen.

2018-01-02 07:15:06 Game [INFO] Game built. 3 try.
2018-01-02 07:15:07 Main [INFO] Challenger mode chosen. 
2018-01-02 07:15:41 Main [INFO] Mastermind game chosen.

2018-01-02 07:15:41 Game [INFO] Game built. 3 try.
2018-01-02 07:15:42 Main [INFO] Defender mode chosen.
2018-01-02 07:18:10 Main [INFO] Mastermind game chosen.

2018-01-02 07:18:10 Game [INFO] Game built. 3 try.
2018-01-02 07:18:12 Main [INFO] Defender mode chosen.
2018-01-02 07:18:37 Main [INFO] Mastermind game chosen.

2018-01-02 07:18:37 Game [INFO] Game built. 3 try.
2018-01-02 07:18:38 Main [INFO] Defender mode chosen.
2018-01-02 07:20:45 Main [INFO] Mastermind game chosen.

2018-01-02 07:20:45 Game [INFO] Game built. 3 try.
2018-01-02 07:20:46 Main [INFO] Defender mode chosen.
2018-01-02 07:21:21 Main [INFO] Mastermind game chosen.

2018-01-02 07:21:21 Game [INFO] Game built. 3 try.
2018-01-02 07:21:22 Main [INFO] Defender mode chosen.
2018-01-02 07:21:29 Main [INFO] Mastermind game chosen.

2018-01-02 07:21:29 Game [INFO] Game built. 3 try.
2018-01-02 07:21:32 Main [INFO] Defender mode chosen.
2018-01-02 07:25:44 Main [INFO] Mastermind game chosen.

2018-01-02 07:25:44 Game [INFO] Game built. 3 try.
2018-01-02 07:25:50 Main [INFO] Defender mode chosen.
2018-01-02 07:26:09 Main [INFO] Plus or Minus game chosen.

2018-01-02 07:26:09 Game [INFO] Game built. 3 try.
2018-01-02 07:26:10 Main [INFO] Defender mode chosen.
2018-01-02 07:26:25 Main [INFO] Mastermind game chosen.

2018-01-02 07:26:25 Game [INFO] Game built. 3 try.
2018-01-02 07:26:25 Main [INFO] Duel mode chosen.
2018-01-02 07:26:41 Main [INFO] Mastermind game chosen.

2018-01-02 07:26:41 Game [INFO] Game built. 3 try.
2018-01-02 07:26:42 Main [INFO] Duel mode chosen.
2018-01-02 07:29:40 Main [INFO] Mastermind game chosen.

2018-01-02 07:29:40 Game [INFO] Game built. 20 try.
2018-01-02 07:29:41 Main [INFO] Defender mode chosen.
2018-01-02 07:33:15 Main [INFO] Mastermind game chosen.

2018-01-02 07:33:15 Game [INFO] Game built. 20 try.
2018-01-02 07:33:17 Main [INFO] Defender mode chosen.
2018-01-02 07:36:15 Main [INFO] Mastermind game chosen.

2018-01-02 07:36:15 Game [INFO] Game built. 20 try.
2018-01-02 07:36:16 Main [INFO] Defender mode chosen.
2018-01-02 07:38:48 Main [INFO] Mastermind game chosen.

2018-01-02 07:38:48 Game [INFO] Game built. 20 try.
2018-01-02 07:38:48 Main [INFO] Defender mode chosen.
2018-01-02 07:40:11 Main [INFO] Mastermind game chosen.

2018-01-02 07:40:11 Game [INFO] Game built. 20 try.
2018-01-02 07:40:13 Main [INFO] Defender mode chosen.
2018-01-02 07:41:12 Main [INFO] Mastermind game chosen.

2018-01-02 07:41:12 Game [INFO] Game built. 20 try.
2018-01-02 07:41:14 Main [INFO] Defender mode chosen.
2018-01-02 07:45:00 Main [INFO] Mastermind game chosen.

2018-01-02 07:45:00 Game [INFO] Game built. 20 try.
2018-01-02 07:45:01 Main [INFO] Defender mode chosen.
2018-01-02 07:46:49 Main [INFO] Mastermind game chosen.

2018-01-02 07:46:49 Game [INFO] Game built. 20 try.
2018-01-02 07:46:50 Main [INFO] Defender mode chosen.
2018-01-02 07:49:05 Main [INFO] Mastermind game chosen.

2018-01-02 07:49:05 Game [INFO] Game built. 20 try.
2018-01-02 07:49:05 Main [INFO] Defender mode chosen.
2018-01-02 07:50:22 Main [INFO] Mastermind game chosen.

2018-01-02 07:50:22 Game [INFO] Game built. 20 try.
2018-01-02 07:50:24 Main [INFO] Defender mode chosen.
2018-01-02 07:51:55 Main [INFO] Mastermind game chosen.

2018-01-02 07:51:55 Game [INFO] Game built. 20 try.
2018-01-02 07:51:56 Main [INFO] Defender mode chosen.
2018-01-02 07:53:47 Main [INFO] Mastermind game chosen.

2018-01-02 07:53:47 Game [INFO] Game built. 20 try.
2018-01-02 07:53:48 Main [INFO] Defender mode chosen.
2018-01-02 07:55:35 Main [INFO] Mastermind game chosen.

2018-01-02 07:55:35 Game [INFO] Game built. 20 try.
2018-01-02 07:55:36 Main [INFO] Defender mode chosen.
2018-01-02 07:56:02 Main [INFO] Mastermind game chosen.

2018-01-02 07:56:02 Game [INFO] Game built. 20 try.
2018-01-02 07:56:03 Main [INFO] Defender mode chosen.
2018-01-02 07:56:27 Main [INFO] Mastermind game chosen.

2018-01-02 07:56:27 Game [INFO] Game built. 3 try.
2018-01-02 07:56:27 Main [INFO] Defender mode chosen.
2018-01-02 07:56:44 Main [INFO] Mastermind game chosen.

2018-01-02 07:56:44 Game [INFO] Game built. 3 try.
2018-01-02 07:56:45 Main [INFO] Defender mode chosen.
2018-01-02 07:56:59 Main [INFO] Mastermind game chosen.

2018-01-02 07:56:59 Game [INFO] Game built. 3 try.
2018-01-02 07:57:00 Main [INFO] Defender mode chosen.
2018-01-02 07:57:45 Main [INFO] Mastermind game chosen.

2018-01-02 07:57:45 Game [INFO] Game built. 3 try.
2018-01-02 07:57:46 Main [INFO] Defender mode chosen.
2018-01-02 07:58:28 Main [INFO] Mastermind game chosen.

2018-01-02 07:58:28 Game [INFO] Game built. 4 try.
2018-01-02 07:58:29 Main [INFO] Defender mode chosen.
2018-01-02 07:59:30 Main [INFO] Mastermind game chosen.

2018-01-02 07:59:30 Game [INFO] Game built. 10 try.
2018-01-02 07:59:31 Main [INFO] Defender mode chosen.
2018-01-02 08:00:33 Main [INFO] Mastermind game chosen.

2018-01-02 08:00:33 Game [INFO] Game built. 12 try.
2018-01-02 08:00:33 Main [INFO] Defender mode chosen.
2018-01-02 08:02:54 Main [INFO] Mastermind game chosen.

2018-01-02 08:02:54 Game [INFO] Game built. 12 try.
2018-01-02 08:02:54 Main [INFO] Defender mode chosen.
2018-01-02 08:04:07 Main [INFO] Mastermind game chosen.

2018-01-02 08:04:07 Game [INFO] Game built. 12 try.
2018-01-02 08:04:09 Main [INFO] Defender mode chosen.
2018-01-02 08:06:34 Main [INFO] Mastermind game chosen.

2018-01-02 08:06:34 Game [INFO] Game built. 12 try.
2018-01-02 08:06:35 Main [INFO] Defender mode chosen.
2018-01-02 08:06:44 Main [INFO] Mastermind game chosen.

2018-01-02 08:06:44 Game [INFO] Game built. 12 try.
2018-01-02 08:06:46 Main [INFO] Defender mode chosen.
2018-01-02 08:09:41 Main [INFO] Mastermind game chosen.

2018-01-02 08:09:41 Game [INFO] Game built. 12 try.
2018-01-02 08:09:42 Main [INFO] Defender mode chosen.
2018-01-02 08:09:55 Main [INFO] Mastermind game chosen.

2018-01-02 08:09:55 Game [INFO] Game built. 12 try.
2018-01-02 08:09:56 Main [INFO] Defender mode chosen.
2018-01-02 08:12:50 Main [INFO] Mastermind game chosen.

2018-01-02 08:12:50 Game [INFO] Game built. 12 try.
2018-01-02 08:12:50 Main [INFO] Defender mode chosen.
2018-01-02 08:13:20 Main [INFO] Mastermind game chosen.

2018-01-02 08:13:20 Game [INFO] Game built. 12 try.
2018-01-02 08:13:21 Main [INFO] Defender mode chosen.
2018-01-02 08:13:56 Main [INFO] Mastermind game chosen.

2018-01-02 08:13:56 Game [INFO] Game built. 12 try.
2018-01-02 08:13:57 Main [INFO] Defender mode chosen.
2018-01-02 08:14:40 Main [INFO] Mastermind game chosen.

2018-01-02 08:14:40 Game [INFO] Game built. 12 try.
2018-01-02 08:14:41 Main [INFO] Defender mode chosen.
