2017-12-20 05:53:46 Main [INFO] Plus or Minus game chosen.

2017-12-20 05:53:46 Game [INFO] Game built. 7 try.
2017-12-20 05:53:52 Main [INFO] Challenger mode chosen. 
2017-12-20 05:54:21 Main [INFO] Plus or Minus game chosen.

2017-12-20 05:54:21 Game [INFO] Game built. 7 try.
2017-12-20 05:54:22 Main [INFO] Duel mode chosen.
2017-12-20 05:54:40 Main [INFO] Plus or Minus game chosen.

2017-12-20 05:54:40 Game [INFO] Game built. 7 try.
2017-12-20 05:54:41 Main [INFO] Duel mode chosen.
2017-12-20 06:11:06 Main [INFO] Plus or Minus game chosen.

2017-12-20 06:11:06 Game [INFO] Game built. 7 try.
2017-12-20 06:11:37 Main [INFO] Defender mode chosen.
2017-12-20 06:14:28 Main [INFO] Plus or Minus game chosen.

2017-12-20 06:14:28 Game [INFO] Game built. 7 try.
2017-12-20 06:14:29 Main [INFO] Defender mode chosen.
2017-12-20 06:16:48 Main [INFO] Plus or Minus game chosen.

2017-12-20 06:16:48 Game [INFO] Game built. 7 try.
2017-12-20 06:16:49 Main [INFO] Defender mode chosen.
2017-12-20 06:46:47 Main [INFO] Plus or Minus game chosen.

2017-12-20 06:46:47 Game [INFO] Game built. 7 try.
2017-12-20 06:46:48 Main [INFO] Defender mode chosen.
2017-12-20 06:47:45 Main [INFO] Plus or Minus game chosen.

2017-12-20 06:47:45 Game [INFO] Game built. 7 try.
2017-12-20 06:47:56 Main [INFO] Defender mode chosen.
2017-12-20 06:58:12 Main [INFO] Plus or Minus game chosen.

2017-12-20 06:58:12 Game [INFO] Game built. 7 try.
2017-12-20 06:58:16 Main [INFO] Defender mode chosen.
2017-12-20 06:58:33 Main [INFO] Plus or Minus game chosen.

2017-12-20 06:58:33 Game [INFO] Game built. 7 try.
2017-12-20 06:58:37 Main [INFO] Defender mode chosen.
2017-12-20 06:59:16 Main [INFO] Plus or Minus game chosen.

2017-12-20 06:59:16 Game [INFO] Game built. 7 try.
2017-12-20 06:59:16 Main [INFO] Defender mode chosen.
2017-12-20 06:59:22 Main [INFO] Plus or Minus game chosen.

2017-12-20 06:59:22 Game [INFO] Game built. 7 try.
2017-12-20 06:59:26 Main [INFO] Defender mode chosen.
2017-12-20 06:59:28 Game [ERROR] The user's combination doesn't respect the combination size (4)
2017-12-20 06:59:28 Game [ERROR] games.CombinationException
2017-12-20 07:01:12 Main [INFO] Mastermind game chosen.

2017-12-20 07:01:12 Game [INFO] Game built. 7 try.
2017-12-20 07:01:16 Main [INFO] Defender mode chosen.
2017-12-20 07:01:21 Game [ERROR] The user's combination doesn't respect the combination size (4)
2017-12-20 07:01:21 Game [ERROR] games.CombinationException
2017-12-20 07:04:45 Main [INFO] Mastermind game chosen.

2017-12-20 07:04:45 Game [INFO] Game built. 30 try.
2017-12-20 07:04:46 Main [INFO] Defender mode chosen.
2017-12-20 07:04:47 Game [ERROR] The user's combination doesn't respect the combination size (4)
2017-12-20 07:04:47 Game [ERROR] games.CombinationException
2017-12-20 07:05:13 Main [INFO] Mastermind game chosen.

2017-12-20 07:05:13 Game [INFO] Game built. 30 try.
2017-12-20 07:05:16 Main [INFO] Defender mode chosen.
2017-12-20 07:05:19 Game [ERROR] The user's combination doesn't respect the combination size (4)
2017-12-20 07:05:19 Game [ERROR] games.CombinationException
2017-12-20 07:08:59 Main [INFO] Mastermind game chosen.

2017-12-20 07:08:59 Game [INFO] Game built. 30 try.
2017-12-20 07:09:00 Main [INFO] Defender mode chosen.
2017-12-20 07:09:00 Game [ERROR] The user's combination doesn't respect the combination size (4)
2017-12-20 07:09:00 Game [ERROR] games.CombinationException
2017-12-20 15:15:44 Main [INFO] Plus or Minus game chosen.

2017-12-20 15:15:44 Game [INFO] Game built. 30 try.
2017-12-20 15:15:56 Main [INFO] Challenger mode chosen. 
2017-12-20 15:16:57 Main [INFO] Mastermind game chosen.

2017-12-20 15:16:57 Game [INFO] Game built. 30 try.
2017-12-20 15:17:09 Main [INFO] Defender mode chosen.
2017-12-20 15:17:46 Main [INFO] Plus or Minus game chosen.

2017-12-20 15:17:46 Game [INFO] Game built. 30 try.
2017-12-20 15:17:49 Main [INFO] Duel mode chosen.
